<?xml version="1.0" encoding="UTF-8"?>
<testng-results ignored="0" total="1" passed="1" failed="0" skipped="0">
  <reporter-output>
  </reporter-output>
  <suite started-at="2026-03-14T14:20:09 IST" name="Default suite" finished-at="2026-03-14T14:20:48 IST" duration-ms="39541">
    <groups>
    </groups>
    <test started-at="2026-03-14T14:20:09 IST" name="Default test" finished-at="2026-03-14T14:20:48 IST" duration-ms="39541">
      <class name="com.ninjahrm.createemployee.CreateProjectTest">
        <test-method is-config="true" signature="configBS()[pri:0, instance:com.ninjahrm.createemployee.CreateProjectTest@268f106e]" started-at="2026-03-14T14:20:09 IST" name="configBS" finished-at="2026-03-14T14:20:09 IST" duration-ms="21" status="PASS">
          <reporter-output>
          </reporter-output>
        </test-method> <!-- configBS -->
        <test-method is-config="true" signature="configBT()[pri:0, instance:com.ninjahrm.createemployee.CreateProjectTest@268f106e]" started-at="2026-03-14T14:20:09 IST" name="configBT" finished-at="2026-03-14T14:20:09 IST" duration-ms="0" status="PASS">
          <reporter-output>
          </reporter-output>
        </test-method> <!-- configBT -->
        <test-method is-config="true" signature="configBC()[pri:0, instance:com.ninjahrm.createemployee.CreateProjectTest@268f106e]" started-at="2026-03-14T14:20:09 IST" name="configBC" finished-at="2026-03-14T14:20:24 IST" duration-ms="15337" status="PASS">
          <reporter-output>
          </reporter-output>
        </test-method> <!-- configBC -->
        <test-method is-config="true" signature="configBM()[pri:0, instance:com.ninjahrm.createemployee.CreateProjectTest@268f106e]" started-at="2026-03-14T14:20:24 IST" name="configBM" finished-at="2026-03-14T14:20:25 IST" duration-ms="1006" status="PASS">
          <reporter-output>
          </reporter-output>
        </test-method> <!-- configBM -->
        <test-method signature="createProjectandEmployee()[pri:0, instance:com.ninjahrm.createemployee.CreateProjectTest@268f106e]" started-at="2026-03-14T14:20:25 IST" name="createProjectandEmployee" finished-at="2026-03-14T14:20:47 IST" duration-ms="21662" status="PASS">
          <reporter-output>
          </reporter-output>
        </test-method> <!-- createProjectandEmployee -->
        <test-method is-config="true" signature="configAM()[pri:0, instance:com.ninjahrm.createemployee.CreateProjectTest@268f106e]" started-at="2026-03-14T14:20:47 IST" name="configAM" finished-at="2026-03-14T14:20:47 IST" duration-ms="2" status="PASS">
          <reporter-output>
          </reporter-output>
        </test-method> <!-- configAM -->
        <test-method is-config="true" signature="configAC()[pri:0, instance:com.ninjahrm.createemployee.CreateProjectTest@268f106e]" started-at="2026-03-14T14:20:47 IST" name="configAC" finished-at="2026-03-14T14:20:48 IST" duration-ms="1447" status="PASS">
          <reporter-output>
          </reporter-output>
        </test-method> <!-- configAC -->
        <test-method is-config="true" signature="configAT()[pri:0, instance:com.ninjahrm.createemployee.CreateProjectTest@268f106e]" started-at="2026-03-14T14:20:48 IST" name="configAT" finished-at="2026-03-14T14:20:48 IST" duration-ms="2" status="PASS">
          <reporter-output>
          </reporter-output>
        </test-method> <!-- configAT -->
        <test-method is-config="true" signature="configAS()[pri:0, instance:com.ninjahrm.createemployee.CreateProjectTest@268f106e]" started-at="2026-03-14T14:20:48 IST" name="configAS" finished-at="2026-03-14T14:20:48 IST" duration-ms="0" status="PASS">
          <reporter-output>
          </reporter-output>
        </test-method> <!-- configAS -->
      </class> <!-- com.ninjahrm.createemployee.CreateProjectTest -->
    </test> <!-- Default test -->
  </suite> <!-- Default suite -->
</testng-results>
